<?xml version="1.0" encoding="UTF-8"?>
<testng-results skipped="0" failed="0" ignored="0" total="2" passed="2">
  <reporter-output>
  </reporter-output>
  <suite name="Command line suite" duration-ms="55718" started-at="2022-07-09T10:43:53Z" finished-at="2022-07-09T10:44:49Z">
    <groups>
    </groups>
    <test name="Command line test" duration-ms="55718" started-at="2022-07-09T10:43:53Z" finished-at="2022-07-09T10:44:49Z">
      <class name="com.tests.AmazonTest">
        <test-method status="PASS" signature="logging()[pri:0, instance:com.tests.AmazonTest@6b143ee9]" name="logging" is-config="true" duration-ms="702" started-at="2022-07-09T10:43:53Z" finished-at="2022-07-09T10:43:54Z">
          <reporter-output>
          </reporter-output>
        </test-method> <!-- logging -->
        <test-method status="PASS" signature="pageInstantiation()[pri:0, instance:com.tests.AmazonTest@6b143ee9]" name="pageInstantiation" is-config="true" duration-ms="26" started-at="2022-07-09T10:43:54Z" finished-at="2022-07-09T10:43:54Z">
          <reporter-output>
          </reporter-output>
        </test-method> <!-- pageInstantiation -->
        <test-method status="PASS" signature="init()[pri:0, instance:com.tests.AmazonTest@6b143ee9]" name="init" is-config="true" duration-ms="5356" started-at="2022-07-09T10:43:54Z" finished-at="2022-07-09T10:44:00Z">
          <reporter-output>
          </reporter-output>
        </test-method> <!-- init -->
        <test-method status="PASS" signature="aboutThisItem_test()[pri:1, instance:com.tests.AmazonTest@6b143ee9]" name="aboutThisItem_test" duration-ms="19831" started-at="2022-07-09T10:44:00Z" finished-at="2022-07-09T10:44:19Z">
          <reporter-output>
          </reporter-output>
        </test-method> <!-- aboutThisItem_test -->
        <test-method status="PASS" signature="tearDown(org.testng.ITestResult)[pri:0, instance:com.tests.AmazonTest@6b143ee9]" name="tearDown" is-config="true" duration-ms="5" started-at="2022-07-09T10:44:19Z" finished-at="2022-07-09T10:44:19Z">
          <params>
            <param index="0">
              <value>
                <![CDATA[[TestResult name=aboutThisItem_test status=SUCCESS method=AmazonTest.aboutThisItem_test()[pri:1, instance:com.tests.AmazonTest@6b143ee9] output={null}]]]>
              </value>
            </param>
          </params>
          <reporter-output>
          </reporter-output>
        </test-method> <!-- tearDown -->
      </class> <!-- com.tests.AmazonTest -->
      <class name="com.tests.Deloitte_Careers_Test">
        <test-method status="PASS" signature="pageInstantiation()[pri:0, instance:com.tests.Deloitte_Careers_Test@1936f0f5]" name="pageInstantiation" is-config="true" duration-ms="8" started-at="2022-07-09T10:44:19Z" finished-at="2022-07-09T10:44:19Z">
          <reporter-output>
          </reporter-output>
        </test-method> <!-- pageInstantiation -->
        <test-method status="PASS" signature="init()[pri:0, instance:com.tests.Deloitte_Careers_Test@1936f0f5]" name="init" is-config="true" duration-ms="3709" started-at="2022-07-09T10:44:19Z" finished-at="2022-07-09T10:44:23Z">
          <reporter-output>
          </reporter-output>
        </test-method> <!-- init -->
        <test-method status="PASS" signature="aboutThisItem_test()[pri:1, instance:com.tests.Deloitte_Careers_Test@1936f0f5]" name="aboutThisItem_test" duration-ms="25141" started-at="2022-07-09T10:44:23Z" finished-at="2022-07-09T10:44:48Z">
          <reporter-output>
          </reporter-output>
        </test-method> <!-- aboutThisItem_test -->
        <test-method status="PASS" signature="tearDown(org.testng.ITestResult)[pri:0, instance:com.tests.Deloitte_Careers_Test@1936f0f5]" name="tearDown" is-config="true" duration-ms="2" started-at="2022-07-09T10:44:48Z" finished-at="2022-07-09T10:44:48Z">
          <params>
            <param index="0">
              <value>
                <![CDATA[[TestResult name=aboutThisItem_test status=SUCCESS method=Deloitte_Careers_Test.aboutThisItem_test()[pri:1, instance:com.tests.Deloitte_Careers_Test@1936f0f5] output={null}]]]>
              </value>
            </param>
          </params>
          <reporter-output>
          </reporter-output>
        </test-method> <!-- tearDown -->
        <test-method status="PASS" signature="quit()[pri:0, instance:com.tests.Deloitte_Careers_Test@1936f0f5]" name="quit" is-config="true" duration-ms="915" started-at="2022-07-09T10:44:48Z" finished-at="2022-07-09T10:44:49Z">
          <reporter-output>
          </reporter-output>
        </test-method> <!-- quit -->
      </class> <!-- com.tests.Deloitte_Careers_Test -->
    </test> <!-- Command line test -->
  </suite> <!-- Command line suite -->
</testng-results>
